Flow report for DE2_Clock
Wed Sep 17 15:37:14 2008
Quartus II Version 8.0 Build 231 07/10/2008 Service Pack 1 SJ Web Edition


---------------------
; Table of Contents ;
---------------------
  1. Legal Notice
  2. Flow Summary
  3. Flow Settings
  4. Flow Non-Default Global Settings
  5. Flow Elapsed Time
  6. Flow Log



----------------
; Legal Notice ;
----------------
Copyright (C) 1991-2008 Altera Corporation
Your use of Altera Corporation's design tools, logic functions 
and other software and tools, and its AMPP partner logic 
functions, and any output files from any of the foregoing 
(including device programming or simulation files), and any 
associated documentation or information are expressly subject 
to the terms and conditions of the Altera Program License 
Subscription Agreement, Altera MegaCore Function License 
Agreement, or other applicable license agreement, including, 
without limitation, that your use is for the sole purpose of 
programming logic devices manufactured by Altera and sold by 
Altera or its authorized distributors.  Please refer to the 
applicable agreement for further details.



+-----------------------------------------------------------------------------------+
; Flow Summary                                                                      ;
+------------------------------------+----------------------------------------------+
; Flow Status                        ; Successful - Wed Sep 17 15:37:14 2008        ;
; Quartus II Version                 ; 8.0 Build 231 07/10/2008 SP 1 SJ Web Edition ;
; Revision Name                      ; DE2_Clock                                    ;
; Top-level Entity Name              ; DE2_CLOCK                                    ;
; Family                             ; Cyclone II                                   ;
; Device                             ; EP2C35F672C6                                 ;
; Timing Models                      ; Final                                        ;
; Met timing requirements            ; Yes                                          ;
; Total logic elements               ; 158 / 33,216 ( < 1 % )                       ;
;     Total combinational functions  ; 158 / 33,216 ( < 1 % )                       ;
;     Dedicated logic registers      ; 104 / 33,216 ( < 1 % )                       ;
; Total registers                    ; 104                                          ;
; Total pins                         ; 16 / 475 ( 3 % )                             ;
; Total virtual pins                 ; 0                                            ;
; Total memory bits                  ; 0 / 483,840 ( 0 % )                          ;
; Embedded Multiplier 9-bit elements ; 0 / 70 ( 0 % )                               ;
; Total PLLs                         ; 0 / 4 ( 0 % )                                ;
+------------------------------------+----------------------------------------------+


+-----------------------------------------+
; Flow Settings                           ;
+-------------------+---------------------+
; Option            ; Setting             ;
+-------------------+---------------------+
; Start date & time ; 09/17/2008 15:36:27 ;
; Main task         ; Compilation         ;
; Revision Name     ; DE2_Clock           ;
+-------------------+---------------------+


+------------------------------------------------------------------------------------------------+
; Flow Non-Default Global Settings                                                               ;
+-----------------------+-----------------------------+---------------+-------------+------------+
; Assignment Name       ; Value                       ; Default Value ; Entity Name ; Section Id ;
+-----------------------+-----------------------------+---------------+-------------+------------+
; COMPILER_SIGNATURE_ID ; 78373475271.122168018704612 ; --            ; --          ; --         ;
+-----------------------+-----------------------------+---------------+-------------+------------+


+-----------------------------------------------------------------------------------------------------------------------------+
; Flow Elapsed Time                                                                                                           ;
+-------------------------+--------------+-------------------------+---------------------+------------------------------------+
; Module Name             ; Elapsed Time ; Average Processors Used ; Peak Virtual Memory ; Total CPU Time (on all processors) ;
+-------------------------+--------------+-------------------------+---------------------+------------------------------------+
; Analysis & Synthesis    ; 00:00:09     ; 1.0                     ; 178 MB              ; 00:00:04                           ;
; Fitter                  ; 00:00:19     ; 1.0                     ; 212 MB              ; 00:00:14                           ;
; Assembler               ; 00:00:07     ; 1.0                     ; 203 MB              ; 00:00:05                           ;
; Classic Timing Analyzer ; 00:00:01     ; 1.0                     ; 115 MB              ; 00:00:01                           ;
; Total                   ; 00:00:36     ; --                      ; --                  ; 00:00:24                           ;
+-------------------------+--------------+-------------------------+---------------------+------------------------------------+


------------
; Flow Log ;
------------
quartus_map --read_settings_files=on --write_settings_files=off DE2_Clock -c DE2_Clock
quartus_fit --read_settings_files=off --write_settings_files=off DE2_Clock -c DE2_Clock
quartus_asm --read_settings_files=off --write_settings_files=off DE2_Clock -c DE2_Clock
quartus_tan --read_settings_files=off --write_settings_files=off DE2_Clock -c DE2_Clock --timing_analysis_only



