Project Information                             c:\booksoft\chap5\debounce.rpt

MAX+plus II Compiler Report File
Version 10.1 06/12/2001
Compiled: 06/30/2001 12:34:48

Copyright (C) 1988-2001 Altera Corporation
Any megafunction design, and related net list (encrypted or decrypted),
support information, device programming or simulation file, and any other
associated documentation or information provided by Altera or a partner
under Altera's Megafunction Partnership Program may be used only to
program PLD devices (but not masked PLD devices) from Altera.  Any other
use of such megafunction design, net list, support information, device
programming or simulation file, or any other related documentation or
information is prohibited for any other purpose, including, but not
limited to modification, reverse engineering, de-compiling, or use with
any other silicon devices, unless such use is explicitly licensed under
a separate agreement with Altera or a megafunction partner.  Title to
the intellectual property, including patents, copyrights, trademarks,
trade secrets, or maskworks, embodied in any such megafunction design,
net list, support information, device programming or simulation file, or
any other related documentation or information provided by Altera or a
megafunction partner, remains with Altera, the megafunction partner, or
their respective licensors.  No other licenses, including any licenses
needed under any third party's intellectual property, are provided herein.



***** Project compilation was successful


DEBOUNCE


** DEVICE SUMMARY **

Chip/                     Input Output Bidir  Memory  Memory  			 LCs
POF       Device          Pins  Pins   Pins   Bits % Utilized  LCs  % Utilized

debounce  EPF10K20RC240-4  2      1      0    0         0  %    5        0  %

User Pins:                 2      1      0  



Device-Specific Information:                    c:\booksoft\chap5\debounce.rpt
debounce

***** Logic for device 'debounce' compiled without errors.




Device: EPF10K20RC240-4

FLEX 10K Configuration Scheme: Passive Serial

Device Options:
    User-Supplied Start-Up Clock               = OFF
    Auto-Restart Configuration on Frame Error  = OFF
    Release Clears Before Tri-States           = OFF
    Enable Chip_Wide Reset                     = OFF
    Enable Chip-Wide Output Enable             = OFF
    Enable INIT_DONE Output                    = OFF
    JTAG User Code                             = 7f

                                                                                                                                        p  
                                                                                                                                        b  
                                                                                                                                        _  
                                                                                                                                        d  
                  R R R R R R R R   R R R R R R R   R R R R R R R   R R R       R R R R   R R R R R R R   R R R R R R R   R R R R R R R e  
                  E E E E E E E E   E E E E E E E   E E E E E E E   E E E       E E E E   E E E E E E E   E E E E E E E   E E E E E E E b  
                  S S S S S S S S G S S S S S S S V S S S S S S S G S S S G G G S S S S V S S S S S S S G S S S S S S S V S S S S S S S o  
                  E E E E E E E E N E E E E E E E C E E E E E E E N E E E N N N E E E E C E E E E E E E N E E E E E E E C E E E E E E E u  
                  R R R R R R R R D R R R R R R R C R R R R R R R D R R R D D D R R R R C R R R R R R R D R R R R R R R C R R R R R R R n  
                  V V V V V V V V I V V V V V V V I V V V V V V V I V V V I I I V V V V I V V V V V V V I V V V V V V V I V V V V V V V c  
                  E E E E E E E E N E E E E E E E N E E E E E E E N E E E N N N E E E E N E E E E E E E N E E E E E E E N E E E E E E E e  
                  D D D D D D D D T D D D D D D D T D D D D D D D T D D D T T T D D D D T D D D D D D D T D D D D D D D T D D D D D D D d  
                --------------------------------------------------------------------------------------------------------------------------_ 
               / 240 238 236 234 232 230 228 226 224 222 220 218 216 214 212 210 208 206 204 202 200 198 196 194 192 190 188 186 184 182   |_ 
              /    239 237 235 233 231 229 227 225 223 221 219 217 215 213 211 209 207 205 203 201 199 197 195 193 191 189 187 185 183 181    | 
        #TCK |  1                                                                                                                         180 | ^DATA0 
  ^CONF_DONE |  2                                                                                                                         179 | ^DCLK 
       ^nCEO |  3                                                                                                                         178 | ^nCE 
        #TDO |  4                                                                                                                         177 | #TDI 
      VCCINT |  5                                                                                                                         176 | GNDINT 
    RESERVED |  6                                                                                                                         175 | RESERVED 
    RESERVED |  7                                                                                                                         174 | RESERVED 
    RESERVED |  8                                                                                                                         173 | RESERVED 
    RESERVED |  9                                                                                                                         172 | RESERVED 
      GNDINT | 10                                                                                                                         171 | RESERVED 
    RESERVED | 11                                                                                                                         170 | VCCINT 
    RESERVED | 12                                                                                                                         169 | RESERVED 
    RESERVED | 13                                                                                                                         168 | RESERVED 
    RESERVED | 14                                                                                                                         167 | RESERVED 
    RESERVED | 15                                                                                                                         166 | RESERVED 
      VCCINT | 16                                                                                                                         165 | GNDINT 
    RESERVED | 17                                                                                                                         164 | RESERVED 
    RESERVED | 18                                                                                                                         163 | RESERVED 
    RESERVED | 19                                                                                                                         162 | RESERVED 
    RESERVED | 20                                                                                                                         161 | RESERVED 
    RESERVED | 21                                                                                                                         160 | VCCINT 
      GNDINT | 22                                                                                                                         159 | RESERVED 
    RESERVED | 23                                                                                                                         158 | RESERVED 
    RESERVED | 24                                                                                                                         157 | RESERVED 
    RESERVED | 25                                                                                                                         156 | RESERVED 
    RESERVED | 26                                                                                                                         155 | GNDINT 
      VCCINT | 27                                                                                                                         154 | RESERVED 
    RESERVED | 28                                                                                                                         153 | RESERVED 
    RESERVED | 29                                                                                                                         152 | RESERVED 
    RESERVED | 30                                                                                                                         151 | RESERVED 
    RESERVED | 31                                                     EPF10K20RC240-4                                                     150 | VCCINT 
      GNDINT | 32                                                                                                                         149 | RESERVED 
    RESERVED | 33                                                                                                                         148 | RESERVED 
    RESERVED | 34                                                                                                                         147 | RESERVED 
    RESERVED | 35                                                                                                                         146 | RESERVED 
    RESERVED | 36                                                                                                                         145 | GNDINT 
      VCCINT | 37                                                                                                                         144 | RESERVED 
    RESERVED | 38                                                                                                                         143 | RESERVED 
    RESERVED | 39                                                                                                                         142 | RESERVED 
    RESERVED | 40                                                                                                                         141 | RESERVED 
    RESERVED | 41                                                                                                                         140 | VCCINT 
      GNDINT | 42                                                                                                                         139 | RESERVED 
    RESERVED | 43                                                                                                                         138 | RESERVED 
    RESERVED | 44                                                                                                                         137 | RESERVED 
    RESERVED | 45                                                                                                                         136 | RESERVED 
    RESERVED | 46                                                                                                                         135 | GNDINT 
      VCCINT | 47                                                                                                                         134 | RESERVED 
    RESERVED | 48                                                                                                                         133 | RESERVED 
    RESERVED | 49                                                                                                                         132 | RESERVED 
    RESERVED | 50                                                                                                                         131 | RESERVED 
    RESERVED | 51                                                                                                                         130 | VCCINT 
      GNDINT | 52                                                                                                                         129 | RESERVED 
    RESERVED | 53                                                                                                                         128 | RESERVED 
    RESERVED | 54                                                                                                                         127 | RESERVED 
    RESERVED | 55                                                                                                                         126 | RESERVED 
    RESERVED | 56                                                                                                                         125 | GNDINT 
      VCCINT | 57                                                                                                                         124 | ^MSEL0 
        #TMS | 58                                                                                                                         123 | ^MSEL1 
       #TRST | 59                                                                                                                         122 | VCCINT 
    ^nSTATUS | 60                                                                                                                         121 | ^nCONFIG 
             |      62  64  66  68  70  72  74  76  78  80  82  84  86  88  90  92  94  96  98 100 102 104 106 108 110 112 114 116 118 120  _| 
              \   61  63  65  67  69  71  73  75  77  79  81  83  85  87  89  91  93  95  97  99 101 103 105 107 109 111 113 115 117 119   | 
               \--------------------------------------------------------------------------------------------------------------------------- 
                  R R R R R R R R G R R R R R R R V R R R R R R R G R R R V p c G G R R V R R R R R R R G R R R R R R R V R R R R R R R R  
                  E E E E E E E E N E E E E E E E C E E E E E E E N E E E C b l N N E E C E E E E E E E N E E E E E E E C E E E E E E E E  
                  S S S S S S S S D S S S S S S S C S S S S S S S D S S S C   o D D S S C S S S S S S S D S S S S S S S C S S S S S S S S  
                  E E E E E E E E I E E E E E E E I E E E E E E E I E E E I   c I I E E I E E E E E E E I E E E E E E E I E E E E E E E E  
                  R R R R R R R R N R R R R R R R N R R R R R R R N R R R N   k N N R R N R R R R R R R N R R R R R R R N R R R R R R R R  
                  V V V V V V V V T V V V V V V V T V V V V V V V T V V V T   _ T T V V T V V V V V V V T V V V V V V V T V V V V V V V V  
                  E E E E E E E E   E E E E E E E   E E E E E E E   E E E     1     E E   E E E E E E E   E E E E E E E   E E E E E E E E  
                  D D D D D D D D   D D D D D D D   D D D D D D D   D D D     0     D D   D D D D D D D   D D D D D D D   D D D D D D D D  
                                                                              0                                                            
                                                                              H                                                            
                                                                              z                                                            
                                                                                                                                           


N.C. = No Connect. This pin has no internal connection to the device.
VCCINT = Dedicated power pin, which MUST be connected to VCC (5.0 volts).
VCCIO = Dedicated power pin, which MUST be connected to VCC (5.0 volts).
GNDINT = Dedicated ground pin or unused dedicated input, which MUST be connected to GND.
GNDIO = Dedicated ground pin, which MUST be connected to GND.
RESERVED = Unused I/O pin, which MUST be left unconnected.

^ = Dedicated configuration pin.
+ = Reserved configuration pin, which is tri-stated during user mode.
* = Reserved configuration pin, which drives out in user mode.
PDn = Power Down pin. 
@ = Special-purpose pin. 
# = JTAG Boundary-Scan Testing/In-System Programming or Configuration Pin. The JTAG inputs TMS and TDI should be tied to VCC and TCK should be tied to GND when not in use.
& = JTAG pin used for I/O. When used as user I/O, JTAG pins must be kept stable before and during configuration.  JTAG pin stability prevents accidental loading of JTAG instructions.


Device-Specific Information:                    c:\booksoft\chap5\debounce.rpt
debounce

** RESOURCE USAGE **

Logic                Column       Row                                   
Array                Interconnect Interconnect         Clears/     External  
Block   Logic Cells  Driven       Driven       Clocks  Presets   Interconnect
A11      5/ 8( 62%)   0/ 8(  0%)   1/ 8( 12%)    1/2    0/2       1/22(  4%)   


Embedded             Column       Row                                   
Array     Embedded   Interconnect Interconnect         Read/      External  
Block     Cells      Driven       Driven       Clocks  Write    Interconnect


Total dedicated input pins used:                 2/6      ( 33%)
Total I/O pins used:                             1/183    (  0%)
Total logic cells used:                          5/1152   (  0%)
Total embedded cells used:                       0/48     (  0%)
Total EABs used:                                 0/6      (  0%)
Average fan-in:                                 1.60/4    ( 40%)
Total fan-in:                                   8/4608    (  0%)

Total input pins required:                       2
Total input I/O cell registers required:         0
Total output pins required:                      1
Total output I/O cell registers required:        0
Total buried I/O cell registers required:        0
Total bidirectional pins required:               0
Total reserved pins required                     0
Total logic cells required:                      5
Total flipflops required:                        5
Total packed registers required:                 0
Total logic cells in carry chains:               0
Total number of carry chains:                    0
Total logic cells in cascade chains:             0
Total number of cascade chains:                  0
Total single-pin Clock Enables required:         0
Total single-pin Output Enables required:        0

Synthesized logic cells:                         0/1152   (  0%)

Logic Cell and Embedded Cell Counts

Column:  01  02  03  04  05  06  07  08  09  10  11  12  EA  13  14  15  16  17  18  19  20  21  22  23  24  Total(LC/EC)
 A:      0   0   0   0   0   0   0   0   0   0   5   0   0   0   0   0   0   0   0   0   0   0   0   0   0      5/0  
 B:      0   0   0   0   0   0   0   0   0   0   0   0   0   0   0   0   0   0   0   0   0   0   0   0   0      0/0  
 C:      0   0   0   0   0   0   0   0   0   0   0   0   0   0   0   0   0   0   0   0   0   0   0   0   0      0/0  
 D:      0   0   0   0   0   0   0   0   0   0   0   0   0   0   0   0   0   0   0   0   0   0   0   0   0      0/0  
 E:      0   0   0   0   0   0   0   0   0   0   0   0   0   0   0   0   0   0   0   0   0   0   0   0   0      0/0  
 F:      0   0   0   0   0   0   0   0   0   0   0   0   0   0   0   0   0   0   0   0   0   0   0   0   0      0/0  

Total:   0   0   0   0   0   0   0   0   0   0   5   0   0   0   0   0   0   0   0   0   0   0   0   0   0      5/0  



Device-Specific Information:                    c:\booksoft\chap5\debounce.rpt
debounce

** INPUTS **

                                                    Fan-In    Fan-Out
 Pin     LC     EC   Row  Col  Primitive    Code      INP  FBK  OUT  FBK  Name
  91      -     -    -    --      INPUT  G             0    0    0    0  clock_100Hz
  90      -     -    -    --      INPUT                0    0    0    1  pb


Code:

s = Synthesized pin or logic cell
+ = Synchronous flipflop
/ = Slow slew-rate output
! = NOT gate push-back
r = Fitter-inserted logic cell
@ = Uses single-pin Clock Enable
& = Uses single-pin Output Enable
G = Global Source. Fan-out destinations counted here do not include destinations
that are driven using global routing resources. Refer to the Auto Global Signals,
Clock Signals, Clear Signals, Synchronous Load Signals, and Synchronous Clear Signals
Sections of this Report File for information on which signals' fan-outs are used as
Clock, Clear, Preset, Output Enable, and synchronous Load signals.


Device-Specific Information:                    c:\booksoft\chap5\debounce.rpt
debounce

** OUTPUTS **

       Fed By Fed By                                Fan-In    Fan-Out
 Pin     LC     EC   Row  Col  Primitive    Code      INP  FBK  OUT  FBK  Name
 181      -     -    A    --     OUTPUT                0    1    0    0  pb_debounced


Code:

s = Synthesized pin or logic cell
+ = Synchronous flipflop
/ = Slow slew-rate output
! = NOT gate push-back
r = Fitter-inserted logic cell
@ = Uses single-pin Clock Enable
& = Uses single-pin Output Enable


Device-Specific Information:                    c:\booksoft\chap5\debounce.rpt
debounce

** BURIED LOGIC **

                                                    Fan-In    Fan-Out
 IOC     LC     EC   Row  Col  Primitive    Code      INP  FBK  OUT  FBK  Name
   -      1     -    A    11       DFFE   +            0    4    1    0  :3
   -      2     -    A    11       DFFE   +            1    0    0    2  SHIFT_PB3 (:5)
   -      3     -    A    11       DFFE   +            0    1    0    2  SHIFT_PB2 (:6)
   -      4     -    A    11       DFFE   +            0    1    0    2  SHIFT_PB1 (:7)
   -      5     -    A    11       DFFE   +            0    1    0    1  SHIFT_PB0 (:8)


Code:

s = Synthesized pin or logic cell
+ = Synchronous flipflop
/ = Slow slew-rate output
! = NOT gate push-back
r = Fitter-inserted logic cell
p = Packed register


Device-Specific Information:                    c:\booksoft\chap5\debounce.rpt
debounce

** FASTTRACK INTERCONNECT UTILIZATION **

Row FastTrack Interconnect:

          Global         Left Half-      Right Half-
         FastTrack       FastTrack       FastTrack 
Row     Interconnect    Interconnect    Interconnect    Input Pins     Output Pins     Bidir Pins
A:       0/ 96(  0%)     1/ 48(  2%)     0/ 48(  0%)    0/16(  0%)      1/16(  6%)     0/16(  0%)
B:       0/ 96(  0%)     0/ 48(  0%)     0/ 48(  0%)    0/16(  0%)      0/16(  0%)     0/16(  0%)
C:       0/ 96(  0%)     0/ 48(  0%)     0/ 48(  0%)    0/16(  0%)      0/16(  0%)     0/16(  0%)
D:       0/ 96(  0%)     0/ 48(  0%)     0/ 48(  0%)    0/16(  0%)      0/16(  0%)     0/16(  0%)
E:       0/ 96(  0%)     0/ 48(  0%)     0/ 48(  0%)    0/16(  0%)      0/16(  0%)     0/16(  0%)
F:       0/ 96(  0%)     0/ 48(  0%)     0/ 48(  0%)    0/16(  0%)      0/16(  0%)     0/16(  0%)


Column FastTrack Interconnect:

         FastTrack                                 
Column  Interconnect    Input Pins     Output Pins     Bidir Pins
01:      0/24(  0%)     0/4(  0%)      0/4(  0%)       0/4(  0%)
02:      0/24(  0%)     0/4(  0%)      0/4(  0%)       0/4(  0%)
03:      0/24(  0%)     0/4(  0%)      0/4(  0%)       0/4(  0%)
04:      0/24(  0%)     0/4(  0%)      0/4(  0%)       0/4(  0%)
05:      0/24(  0%)     0/4(  0%)      0/4(  0%)       0/4(  0%)
06:      0/24(  0%)     0/4(  0%)      0/4(  0%)       0/4(  0%)
07:      0/24(  0%)     0/4(  0%)      0/4(  0%)       0/4(  0%)
08:      0/24(  0%)     0/4(  0%)      0/4(  0%)       0/4(  0%)
09:      0/24(  0%)     0/4(  0%)      0/4(  0%)       0/4(  0%)
10:      0/24(  0%)     0/4(  0%)      0/4(  0%)       0/4(  0%)
11:      0/24(  0%)     0/4(  0%)      0/4(  0%)       0/4(  0%)
12:      0/24(  0%)     0/4(  0%)      0/4(  0%)       0/4(  0%)
13:      0/24(  0%)     0/4(  0%)      0/4(  0%)       0/4(  0%)
14:      0/24(  0%)     0/4(  0%)      0/4(  0%)       0/4(  0%)
15:      0/24(  0%)     0/4(  0%)      0/4(  0%)       0/4(  0%)
16:      0/24(  0%)     0/4(  0%)      0/4(  0%)       0/4(  0%)
17:      0/24(  0%)     0/4(  0%)      0/4(  0%)       0/4(  0%)
18:      0/24(  0%)     0/4(  0%)      0/4(  0%)       0/4(  0%)
19:      0/24(  0%)     0/4(  0%)      0/4(  0%)       0/4(  0%)
20:      0/24(  0%)     0/4(  0%)      0/4(  0%)       0/4(  0%)
21:      0/24(  0%)     0/4(  0%)      0/4(  0%)       0/4(  0%)
22:      0/24(  0%)     0/4(  0%)      0/4(  0%)       0/4(  0%)
23:      0/24(  0%)     0/4(  0%)      0/4(  0%)       0/4(  0%)
24:      0/24(  0%)     0/4(  0%)      0/4(  0%)       0/4(  0%)
EA:      0/24(  0%)     0/4(  0%)      0/4(  0%)       0/4(  0%)


Device-Specific Information:                    c:\booksoft\chap5\debounce.rpt
debounce

** CLOCK SIGNALS **

Type     Fan-out       Name
INPUT        5         clock_100Hz


Device-Specific Information:                    c:\booksoft\chap5\debounce.rpt
debounce

** EQUATIONS **

clock_100Hz : INPUT;
pb       : INPUT;

-- Node name is 'pb_debounced' 
-- Equation name is 'pb_debounced', type is output 
pb_debounced =  _LC1_A11;

-- Node name is ':8' = 'SHIFT_PB0' 
-- Equation name is 'SHIFT_PB0', location is LC5_A11, type is buried.
SHIFT_PB0 = DFFE( SHIFT_PB1, GLOBAL( clock_100Hz),  VCC,  VCC,  VCC);

-- Node name is ':7' = 'SHIFT_PB1' 
-- Equation name is 'SHIFT_PB1', location is LC4_A11, type is buried.
SHIFT_PB1 = DFFE( SHIFT_PB2, GLOBAL( clock_100Hz),  VCC,  VCC,  VCC);

-- Node name is ':6' = 'SHIFT_PB2' 
-- Equation name is 'SHIFT_PB2', location is LC3_A11, type is buried.
SHIFT_PB2 = DFFE( SHIFT_PB3, GLOBAL( clock_100Hz),  VCC,  VCC,  VCC);

-- Node name is ':5' = 'SHIFT_PB3' 
-- Equation name is 'SHIFT_PB3', location is LC2_A11, type is buried.
SHIFT_PB3 = DFFE(!pb, GLOBAL( clock_100Hz),  VCC,  VCC,  VCC);

-- Node name is ':3' 
-- Equation name is '_LC1_A11', type is buried 
_LC1_A11 = DFFE( _EQ001, GLOBAL( clock_100Hz),  VCC,  VCC,  VCC);
  _EQ001 =  SHIFT_PB0
         #  SHIFT_PB3
         #  SHIFT_PB2
         #  SHIFT_PB1;



Project Information                             c:\booksoft\chap5\debounce.rpt

** COMPILATION SETTINGS & TIMES **

Processing Menu Commands
------------------------

Design Doctor                             = off

Logic Synthesis:

   Synthesis Type Used                    = Multi-Level

   Default Synthesis Style                = NORMAL

      Logic option settings in 'NORMAL' style for 'FLEX10K' family

      CARRY_CHAIN                         = ignore
      CARRY_CHAIN_LENGTH                  = 32
      CASCADE_CHAIN                       = ignore
      CASCADE_CHAIN_LENGTH                = 2
      DECOMPOSE_GATES                     = on
      DUPLICATE_LOGIC_EXTRACTION          = on
      MINIMIZATION                        = full
      MULTI_LEVEL_FACTORING               = on
      NOT_GATE_PUSH_BACK                  = on
      REDUCE_LOGIC                        = on
      REFACTORIZATION                     = on
      REGISTER_OPTIMIZATION               = on
      RESYNTHESIZE_NETWORK                = on
      SLOW_SLEW_RATE                      = off
      SUBFACTOR_EXTRACTION                = on
      IGNORE_SOFT_BUFFERS                 = on
      USE_LPM_FOR_AHDL_OPERATORS          = off

   Other logic synthesis settings:

      Automatic Global Clock              = on
      Automatic Global Clear              = on
      Automatic Global Preset             = on
      Automatic Global Output Enable      = on
      Automatic Fast I/O                  = off
      Automatic Register Packing          = off
      Automatic Open-Drain Pins           = on
      Automatic Implement in EAB          = off
      Optimize                            = 5

Default Timing Specifications: None

Cut All Bidir Feedback Timing Paths       = on
Cut All Clear & Preset Timing Paths       = on

Ignore Timing Assignments                 = off

Functional SNF Extractor                  = off

Linked SNF Extractor                      = off
Timing SNF Extractor                      = on
Optimize Timing SNF                       = off
Generate AHDL TDO File                    = off
Fitter Settings                           = NORMAL
Use Quartus Fitter                        = on
Smart Recompile                           = off
Total Recompile                           = off

Interfaces Menu Commands
------------------------

EDIF Netlist Writer                       = off
Verilog Netlist Writer                    = off
VHDL Netlist Writer                       = off

Compilation Times
-----------------

   Compiler Netlist Extractor             00:00:02
   Database Builder                       00:00:00
   Logic Synthesizer                      00:00:00
   Partitioner                            00:00:00
   Fitter                                 00:00:02
   Timing SNF Extractor                   00:00:00
   Assembler                              00:00:00
   --------------------------             --------
   Total Time                             00:00:04


Memory Allocated
-----------------

Peak memory allocated during compilation  = 15,175K
